<?xml version="1.0" encoding="UTF-8"?>
<testsuite xmlns:xsi="http://www.w3.org/2001/XMLSchema-instance" xsi:noNamespaceSchemaLocation="https://maven.apache.org/surefire/maven-surefire-plugin/xsd/surefire-test-report-3.0.xsd" version="3.0" name="TestSuite" time="206.102" tests="1" errors="0" skipped="0" failures="1">
  <properties>
    <property name="java.specification.version" value="15"/>
    <property name="webdriver.chrome.driver" value="src\test\resources\chromedriver.exe"/>
    <property name="sun.cpu.isalist" value="amd64"/>
    <property name="sun.jnu.encoding" value="Cp1252"/>
    <property name="java.class.path" value="E:\sminu\git\WDC\QMRProject\target\test-classes;E:\sminu\git\WDC\QMRProject\target\classes;E:\sminu\.m2\repository\org\seleniumhq\selenium\selenium-java\4.0.0-alpha-1\selenium-java-4.0.0-alpha-1.jar;E:\sminu\.m2\repository\org\seleniumhq\selenium\selenium-chrome-driver\4.0.0-alpha-1\selenium-chrome-driver-4.0.0-alpha-1.jar;E:\sminu\.m2\repository\org\seleniumhq\selenium\selenium-remote-driver\4.0.0-alpha-1\selenium-remote-driver-4.0.0-alpha-1.jar;E:\sminu\.m2\repository\org\seleniumhq\selenium\selenium-api\4.0.0-alpha-1\selenium-api-4.0.0-alpha-1.jar;E:\sminu\.m2\repository\net\bytebuddy\byte-buddy\1.9.12\byte-buddy-1.9.12.jar;E:\sminu\.m2\repository\org\apache\commons\commons-exec\1.3\commons-exec-1.3.jar;E:\sminu\.m2\repository\com\squareup\okhttp3\okhttp\3.14.0\okhttp-3.14.0.jar;E:\sminu\.m2\repository\com\squareup\okio\okio\1.17.2\okio-1.17.2.jar;E:\sminu\.m2\repository\org\seleniumhq\selenium\selenium-edge-driver\4.0.0-alpha-1\selenium-edge-driver-4.0.0-alpha-1.jar;E:\sminu\.m2\repository\org\seleniumhq\selenium\selenium-firefox-xpi-driver\4.0.0-alpha-1\selenium-firefox-xpi-driver-4.0.0-alpha-1.jar;E:\sminu\.m2\repository\org\seleniumhq\selenium\selenium-firefox-driver\4.0.0-alpha-1\selenium-firefox-driver-4.0.0-alpha-1.jar;E:\sminu\.m2\repository\org\seleniumhq\selenium\selenium-ie-driver\4.0.0-alpha-1\selenium-ie-driver-4.0.0-alpha-1.jar;E:\sminu\.m2\repository\org\seleniumhq\selenium\selenium-opera-driver\4.0.0-alpha-1\selenium-opera-driver-4.0.0-alpha-1.jar;E:\sminu\.m2\repository\org\seleniumhq\selenium\selenium-safari-driver\4.0.0-alpha-1\selenium-safari-driver-4.0.0-alpha-1.jar;E:\sminu\.m2\repository\org\seleniumhq\selenium\selenium-support\4.0.0-alpha-1\selenium-support-4.0.0-alpha-1.jar;E:\sminu\.m2\repository\org\testng\testng\7.3.0\testng-7.3.0.jar;E:\sminu\.m2\repository\com\beust\jcommander\1.78\jcommander-1.78.jar;E:\sminu\.m2\repository\org\apache\ant\ant\1.10.3\ant-1.10.3.jar;E:\sminu\.m2\repository\org\apache\ant\ant-launcher\1.10.3\ant-launcher-1.10.3.jar;E:\sminu\.m2\repository\junit\junit\4.12\junit-4.12.jar;E:\sminu\.m2\repository\org\hamcrest\hamcrest-core\1.3\hamcrest-core-1.3.jar;E:\sminu\.m2\repository\com\google\inject\guice\4.2.2\guice-4.2.2-no_aop.jar;E:\sminu\.m2\repository\javax\inject\javax.inject\1\javax.inject-1.jar;E:\sminu\.m2\repository\aopalliance\aopalliance\1.0\aopalliance-1.0.jar;E:\sminu\.m2\repository\org\yaml\snakeyaml\1.21\snakeyaml-1.21.jar;E:\sminu\.m2\repository\com\google\guava\guava\27.1-jre\guava-27.1-jre.jar;E:\sminu\.m2\repository\com\google\guava\failureaccess\1.0.1\failureaccess-1.0.1.jar;E:\sminu\.m2\repository\com\google\guava\listenablefuture\9999.0-empty-to-avoid-conflict-with-guava\listenablefuture-9999.0-empty-to-avoid-conflict-with-guava.jar;E:\sminu\.m2\repository\com\google\code\findbugs\jsr305\3.0.2\jsr305-3.0.2.jar;E:\sminu\.m2\repository\org\checkerframework\checker-qual\2.5.2\checker-qual-2.5.2.jar;E:\sminu\.m2\repository\com\google\errorprone\error_prone_annotations\2.2.0\error_prone_annotations-2.2.0.jar;E:\sminu\.m2\repository\com\google\j2objc\j2objc-annotations\1.1\j2objc-annotations-1.1.jar;E:\sminu\.m2\repository\org\codehaus\mojo\animal-sniffer-annotations\1.17\animal-sniffer-annotations-1.17.jar;E:\sminu\.m2\repository\commons-io\commons-io\2.8.0\commons-io-2.8.0.jar;E:\sminu\.m2\repository\com\aventstack\extentreports\3.1.3\extentreports-3.1.3.jar;E:\sminu\.m2\repository\org\freemarker\freemarker\2.3.23\freemarker-2.3.23.jar;E:\sminu\.m2\repository\org\mongodb\mongodb-driver\3.3.0\mongodb-driver-3.3.0.jar;E:\sminu\.m2\repository\org\mongodb\bson\3.3.0\bson-3.3.0.jar;E:\sminu\.m2\repository\org\mongodb\mongodb-driver-core\3.3.0\mongodb-driver-core-3.3.0.jar;E:\sminu\.m2\repository\org\apache\httpcomponents\httpclient\4.5.2\httpclient-4.5.2.jar;E:\sminu\.m2\repository\org\apache\httpcomponents\httpcore\4.4.4\httpcore-4.4.4.jar;E:\sminu\.m2\repository\commons-logging\commons-logging\1.2\commons-logging-1.2.jar;E:\sminu\.m2\repository\org\apache\httpcomponents\httpmime\4.5.2\httpmime-4.5.2.jar;E:\sminu\.m2\repository\org\jsoup\jsoup\1.9.2\jsoup-1.9.2.jar;E:\sminu\.m2\repository\com\google\code\gson\gson\2.8.0\gson-2.8.0.jar;E:\sminu\.m2\repository\org\apache\poi\poi\4.1.2\poi-4.1.2.jar;E:\sminu\.m2\repository\commons-codec\commons-codec\1.13\commons-codec-1.13.jar;E:\sminu\.m2\repository\org\apache\commons\commons-collections4\4.4\commons-collections4-4.4.jar;E:\sminu\.m2\repository\org\apache\commons\commons-math3\3.6.1\commons-math3-3.6.1.jar;E:\sminu\.m2\repository\com\zaxxer\SparseBitSet\1.2\SparseBitSet-1.2.jar;E:\sminu\.m2\repository\org\apache\poi\poi-ooxml\4.1.2\poi-ooxml-4.1.2.jar;E:\sminu\.m2\repository\org\apache\poi\poi-ooxml-schemas\4.1.2\poi-ooxml-schemas-4.1.2.jar;E:\sminu\.m2\repository\org\apache\commons\commons-compress\1.19\commons-compress-1.19.jar;E:\sminu\.m2\repository\com\github\virtuald\curvesapi\1.06\curvesapi-1.06.jar;E:\sminu\.m2\repository\org\apache\xmlbeans\xmlbeans\3.1.0\xmlbeans-3.1.0.jar;E:\sminu\.m2\repository\io\cucumber\cucumber-java\6.0.0-RC2\cucumber-java-6.0.0-RC2.jar;E:\sminu\.m2\repository\io\cucumber\cucumber-core\6.0.0-RC2\cucumber-core-6.0.0-RC2.jar;E:\sminu\.m2\repository\io\cucumber\cucumber-gherkin\6.0.0-RC2\cucumber-gherkin-6.0.0-RC2.jar;E:\sminu\.m2\repository\io\cucumber\cucumber-gherkin-messages\6.0.0-RC2\cucumber-gherkin-messages-6.0.0-RC2.jar;E:\sminu\.m2\repository\io\cucumber\messages\12.1.1\messages-12.1.1.jar;E:\sminu\.m2\repository\io\cucumber\tag-expressions\2.0.4\tag-expressions-2.0.4.jar;E:\sminu\.m2\repository\io\cucumber\cucumber-expressions\10.1.0\cucumber-expressions-10.1.0.jar;E:\sminu\.m2\repository\io\cucumber\datatable\3.3.1\datatable-3.3.1.jar;E:\sminu\.m2\repository\io\cucumber\cucumber-plugin\6.0.0-RC2\cucumber-plugin-6.0.0-RC2.jar;E:\sminu\.m2\repository\io\cucumber\docstring\6.0.0-RC2\docstring-6.0.0-RC2.jar;E:\sminu\.m2\repository\io\cucumber\html-formatter\6.0.2\html-formatter-6.0.2.jar;E:\sminu\.m2\repository\org\apiguardian\apiguardian-api\1.1.0\apiguardian-api-1.1.0.jar;E:\sminu\.m2\repository\io\cucumber\cucumber-testng\6.0.0-RC2\cucumber-testng-6.0.0-RC2.jar;"/>
    <property name="java.vm.vendor" value="Oracle Corporation"/>
    <property name="sun.arch.data.model" value="64"/>
    <property name="user.variant" value=""/>
    <property name="java.vendor.url" value="https://java.oracle.com/"/>
    <property name="user.timezone" value="Asia/Calcutta"/>
    <property name="os.name" value="Windows 10"/>
    <property name="java.vm.specification.version" value="15"/>
    <property name="sun.java.launcher" value="SUN_STANDARD"/>
    <property name="user.country" value="US"/>
    <property name="sun.boot.library.path" value="E:\sminu\Downloads\eclipse-java-2021-03-R-win32-x86_64\eclipse\plugins\org.eclipse.justj.openjdk.hotspot.jre.full.win32.x86_64_15.0.2.v20210201-0955\jre\bin"/>
    <property name="sun.java.command" value="E:\sminu\AppData\Local\Temp\surefire1689723949058854118\surefirebooter6833499403857658411.jar E:\sminu\AppData\Local\Temp\surefire1689723949058854118 2021-08-05T13-28-12_970-jvmRun1 surefire10705362187716804203tmp surefire_010190615249765166926tmp"/>
    <property name="jdk.debug" value="release"/>
    <property name="surefire.test.class.path" value="E:\sminu\git\WDC\QMRProject\target\test-classes;E:\sminu\git\WDC\QMRProject\target\classes;E:\sminu\.m2\repository\org\seleniumhq\selenium\selenium-java\4.0.0-alpha-1\selenium-java-4.0.0-alpha-1.jar;E:\sminu\.m2\repository\org\seleniumhq\selenium\selenium-chrome-driver\4.0.0-alpha-1\selenium-chrome-driver-4.0.0-alpha-1.jar;E:\sminu\.m2\repository\org\seleniumhq\selenium\selenium-remote-driver\4.0.0-alpha-1\selenium-remote-driver-4.0.0-alpha-1.jar;E:\sminu\.m2\repository\org\seleniumhq\selenium\selenium-api\4.0.0-alpha-1\selenium-api-4.0.0-alpha-1.jar;E:\sminu\.m2\repository\net\bytebuddy\byte-buddy\1.9.12\byte-buddy-1.9.12.jar;E:\sminu\.m2\repository\org\apache\commons\commons-exec\1.3\commons-exec-1.3.jar;E:\sminu\.m2\repository\com\squareup\okhttp3\okhttp\3.14.0\okhttp-3.14.0.jar;E:\sminu\.m2\repository\com\squareup\okio\okio\1.17.2\okio-1.17.2.jar;E:\sminu\.m2\repository\org\seleniumhq\selenium\selenium-edge-driver\4.0.0-alpha-1\selenium-edge-driver-4.0.0-alpha-1.jar;E:\sminu\.m2\repository\org\seleniumhq\selenium\selenium-firefox-xpi-driver\4.0.0-alpha-1\selenium-firefox-xpi-driver-4.0.0-alpha-1.jar;E:\sminu\.m2\repository\org\seleniumhq\selenium\selenium-firefox-driver\4.0.0-alpha-1\selenium-firefox-driver-4.0.0-alpha-1.jar;E:\sminu\.m2\repository\org\seleniumhq\selenium\selenium-ie-driver\4.0.0-alpha-1\selenium-ie-driver-4.0.0-alpha-1.jar;E:\sminu\.m2\repository\org\seleniumhq\selenium\selenium-opera-driver\4.0.0-alpha-1\selenium-opera-driver-4.0.0-alpha-1.jar;E:\sminu\.m2\repository\org\seleniumhq\selenium\selenium-safari-driver\4.0.0-alpha-1\selenium-safari-driver-4.0.0-alpha-1.jar;E:\sminu\.m2\repository\org\seleniumhq\selenium\selenium-support\4.0.0-alpha-1\selenium-support-4.0.0-alpha-1.jar;E:\sminu\.m2\repository\org\testng\testng\7.3.0\testng-7.3.0.jar;E:\sminu\.m2\repository\com\beust\jcommander\1.78\jcommander-1.78.jar;E:\sminu\.m2\repository\org\apache\ant\ant\1.10.3\ant-1.10.3.jar;E:\sminu\.m2\repository\org\apache\ant\ant-launcher\1.10.3\ant-launcher-1.10.3.jar;E:\sminu\.m2\repository\junit\junit\4.12\junit-4.12.jar;E:\sminu\.m2\repository\org\hamcrest\hamcrest-core\1.3\hamcrest-core-1.3.jar;E:\sminu\.m2\repository\com\google\inject\guice\4.2.2\guice-4.2.2-no_aop.jar;E:\sminu\.m2\repository\javax\inject\javax.inject\1\javax.inject-1.jar;E:\sminu\.m2\repository\aopalliance\aopalliance\1.0\aopalliance-1.0.jar;E:\sminu\.m2\repository\org\yaml\snakeyaml\1.21\snakeyaml-1.21.jar;E:\sminu\.m2\repository\com\google\guava\guava\27.1-jre\guava-27.1-jre.jar;E:\sminu\.m2\repository\com\google\guava\failureaccess\1.0.1\failureaccess-1.0.1.jar;E:\sminu\.m2\repository\com\google\guava\listenablefuture\9999.0-empty-to-avoid-conflict-with-guava\listenablefuture-9999.0-empty-to-avoid-conflict-with-guava.jar;E:\sminu\.m2\repository\com\google\code\findbugs\jsr305\3.0.2\jsr305-3.0.2.jar;E:\sminu\.m2\repository\org\checkerframework\checker-qual\2.5.2\checker-qual-2.5.2.jar;E:\sminu\.m2\repository\com\google\errorprone\error_prone_annotations\2.2.0\error_prone_annotations-2.2.0.jar;E:\sminu\.m2\repository\com\google\j2objc\j2objc-annotations\1.1\j2objc-annotations-1.1.jar;E:\sminu\.m2\repository\org\codehaus\mojo\animal-sniffer-annotations\1.17\animal-sniffer-annotations-1.17.jar;E:\sminu\.m2\repository\commons-io\commons-io\2.8.0\commons-io-2.8.0.jar;E:\sminu\.m2\repository\com\aventstack\extentreports\3.1.3\extentreports-3.1.3.jar;E:\sminu\.m2\repository\org\freemarker\freemarker\2.3.23\freemarker-2.3.23.jar;E:\sminu\.m2\repository\org\mongodb\mongodb-driver\3.3.0\mongodb-driver-3.3.0.jar;E:\sminu\.m2\repository\org\mongodb\bson\3.3.0\bson-3.3.0.jar;E:\sminu\.m2\repository\org\mongodb\mongodb-driver-core\3.3.0\mongodb-driver-core-3.3.0.jar;E:\sminu\.m2\repository\org\apache\httpcomponents\httpclient\4.5.2\httpclient-4.5.2.jar;E:\sminu\.m2\repository\org\apache\httpcomponents\httpcore\4.4.4\httpcore-4.4.4.jar;E:\sminu\.m2\repository\commons-logging\commons-logging\1.2\commons-logging-1.2.jar;E:\sminu\.m2\repository\org\apache\httpcomponents\httpmime\4.5.2\httpmime-4.5.2.jar;E:\sminu\.m2\repository\org\jsoup\jsoup\1.9.2\jsoup-1.9.2.jar;E:\sminu\.m2\repository\com\google\code\gson\gson\2.8.0\gson-2.8.0.jar;E:\sminu\.m2\repository\org\apache\poi\poi\4.1.2\poi-4.1.2.jar;E:\sminu\.m2\repository\commons-codec\commons-codec\1.13\commons-codec-1.13.jar;E:\sminu\.m2\repository\org\apache\commons\commons-collections4\4.4\commons-collections4-4.4.jar;E:\sminu\.m2\repository\org\apache\commons\commons-math3\3.6.1\commons-math3-3.6.1.jar;E:\sminu\.m2\repository\com\zaxxer\SparseBitSet\1.2\SparseBitSet-1.2.jar;E:\sminu\.m2\repository\org\apache\poi\poi-ooxml\4.1.2\poi-ooxml-4.1.2.jar;E:\sminu\.m2\repository\org\apache\poi\poi-ooxml-schemas\4.1.2\poi-ooxml-schemas-4.1.2.jar;E:\sminu\.m2\repository\org\apache\commons\commons-compress\1.19\commons-compress-1.19.jar;E:\sminu\.m2\repository\com\github\virtuald\curvesapi\1.06\curvesapi-1.06.jar;E:\sminu\.m2\repository\org\apache\xmlbeans\xmlbeans\3.1.0\xmlbeans-3.1.0.jar;E:\sminu\.m2\repository\io\cucumber\cucumber-java\6.0.0-RC2\cucumber-java-6.0.0-RC2.jar;E:\sminu\.m2\repository\io\cucumber\cucumber-core\6.0.0-RC2\cucumber-core-6.0.0-RC2.jar;E:\sminu\.m2\repository\io\cucumber\cucumber-gherkin\6.0.0-RC2\cucumber-gherkin-6.0.0-RC2.jar;E:\sminu\.m2\repository\io\cucumber\cucumber-gherkin-messages\6.0.0-RC2\cucumber-gherkin-messages-6.0.0-RC2.jar;E:\sminu\.m2\repository\io\cucumber\messages\12.1.1\messages-12.1.1.jar;E:\sminu\.m2\repository\io\cucumber\tag-expressions\2.0.4\tag-expressions-2.0.4.jar;E:\sminu\.m2\repository\io\cucumber\cucumber-expressions\10.1.0\cucumber-expressions-10.1.0.jar;E:\sminu\.m2\repository\io\cucumber\datatable\3.3.1\datatable-3.3.1.jar;E:\sminu\.m2\repository\io\cucumber\cucumber-plugin\6.0.0-RC2\cucumber-plugin-6.0.0-RC2.jar;E:\sminu\.m2\repository\io\cucumber\docstring\6.0.0-RC2\docstring-6.0.0-RC2.jar;E:\sminu\.m2\repository\io\cucumber\html-formatter\6.0.2\html-formatter-6.0.2.jar;E:\sminu\.m2\repository\org\apiguardian\apiguardian-api\1.1.0\apiguardian-api-1.1.0.jar;E:\sminu\.m2\repository\io\cucumber\cucumber-testng\6.0.0-RC2\cucumber-testng-6.0.0-RC2.jar;"/>
    <property name="sun.cpu.endian" value="little"/>
    <property name="user.home" value="E:\sminu"/>
    <property name="user.language" value="en"/>
    <property name="java.specification.vendor" value="Oracle Corporation"/>
    <property name="java.version.date" value="2021-01-19"/>
    <property name="java.home" value="E:\sminu\Downloads\eclipse-java-2021-03-R-win32-x86_64\eclipse\plugins\org.eclipse.justj.openjdk.hotspot.jre.full.win32.x86_64_15.0.2.v20210201-0955\jre"/>
    <property name="file.separator" value="\"/>
    <property name="basedir" value="E:\sminu\git\WDC\QMRProject"/>
    <property name="java.vm.compressedOopsMode" value="Zero based"/>
    <property name="line.separator" value="&#10;"/>
    <property name="java.vm.specification.vendor" value="Oracle Corporation"/>
    <property name="java.specification.name" value="Java Platform API Specification"/>
    <property name="surefire.real.class.path" value="E:\sminu\AppData\Local\Temp\surefire1689723949058854118\surefirebooter6833499403857658411.jar"/>
    <property name="user.script" value=""/>
    <property name="sun.management.compiler" value="HotSpot 64-Bit Tiered Compilers"/>
    <property name="java.runtime.version" value="15.0.2+7-27"/>
    <property name="user.name" value="sminu"/>
    <property name="path.separator" value=";"/>
    <property name="os.version" value="10.0"/>
    <property name="java.runtime.name" value="OpenJDK Runtime Environment"/>
    <property name="file.encoding" value="Cp1252"/>
    <property name="java.vm.name" value="OpenJDK 64-Bit Server VM"/>
    <property name="localRepository" value="E:\sminu\.m2\repository"/>
    <property name="java.vendor.url.bug" value="https://bugreport.java.com/bugreport/"/>
    <property name="java.io.tmpdir" value="E:\sminu\AppData\Local\Temp\"/>
    <property name="java.version" value="15.0.2"/>
    <property name="user.dir" value="E:\sminu\git\WDC\QMRProject"/>
    <property name="os.arch" value="amd64"/>
    <property name="java.vm.specification.name" value="Java Virtual Machine Specification"/>
    <property name="sun.os.patch.level" value=""/>
    <property name="java.library.path" value="E:\sminu\Downloads\eclipse-java-2021-03-R-win32-x86_64\eclipse\plugins\org.eclipse.justj.openjdk.hotspot.jre.full.win32.x86_64_15.0.2.v20210201-0955\jre\bin;C:\WINDOWS\Sun\Java\bin;C:\WINDOWS\system32;C:\WINDOWS;E:/sminu/Softwares/eclipse-java-2021-06-R-win32-x86_64/eclipse//plugins/org.eclipse.justj.openjdk.hotspot.jre.full.win32.x86_64_16.0.1.v20210528-1205/jre/bin/server;E:/sminu/Softwares/eclipse-java-2021-06-R-win32-x86_64/eclipse//plugins/org.eclipse.justj.openjdk.hotspot.jre.full.win32.x86_64_16.0.1.v20210528-1205/jre/bin;C:\Program Files\Common Files\Oracle\Java\javapath;C:\app\ora11g\product\11.2.0\client_1\bin;C:\WINDOWS\system32;C:\WINDOWS;C:\WINDOWS\System32\Wbem;C:\WINDOWS\System32\WindowsPowerShell\v1.0\;C:\WINDOWS\System32\OpenSSH\;C:\Program Files\PuTTY\;C:\Program Files (x86)\Microsoft SQL Server\150\DTS\Binn\;C:\Program Files (x86)\Common Files\MicroStrategy;C:\Program Files (x86)\MicroStrategy\Developer;C:\Program Files (x86)\MicroStrategy\Command Manager;C:\Program Files (x86)\MicroStrategy\Enterprise Manager;C:\Program Files (x86)\MicroStrategy\Integrity Manager;C:\Program Files (x86)\Common Files\MicroStrategy\JRE\180_77\Win32\bin;C:\Program Files (x86)\Common Files\MicroStrategy\JRE\180_77\Win64\bin;C:\Program Files (x86)\Common Files\MicroStrategy\JRE\180_77\Win64\bin\server;C:\Program Files (x86)\Common Files\MicroStrategy\Help\English;C:\Program Files\Java\jdk-16.0.1\bin;E:\sminu\Softwares\apache-maven-3.0.5-bin\apache-maven-3.0.5\bin;E:\Git\cmd;;C:\Program Files\Microsoft VS Code\bin;E:\sminu\AppData\Local\Microsoft\WindowsApps;;C:\Program Files\JetBrains\IntelliJ IDEA Community Edition 2021.1\bin;;E:\sminu\Softwares\eclipse-java-2021-06-R-win32-x86_64\eclipse;;."/>
    <property name="java.vm.info" value="mixed mode"/>
    <property name="java.vendor" value="Oracle Corporation"/>
    <property name="java.vm.version" value="15.0.2+7-27"/>
    <property name="sun.io.unicode.encoding" value="UnicodeLittle"/>
    <property name="java.class.version" value="59.0"/>
  </properties>
  <testcase name="executeTestcase[org.testng.TestRunner@70dd7e15](1)" classname="driver.Driver" time="203.308">
    <failure type="java.lang.reflect.InvocationTargetException"><![CDATA[java.lang.reflect.InvocationTargetException
	at driver.Driver.executeTestcase(Driver.java:104)
Caused by: org.openqa.selenium.NoSuchElementException: 
no such element: Unable to locate element: {"method":"xpath","selector":"//body/div[@id='main']/div[@id='patientReviewMainWrapper']/div[@id='mainSection']/div[@id='dijit_layout_ContentPane_0']/div[@id='measureSetTree']/div[@id='MeasureSetTree']/div[@id='tmpdir__CheckBoxTreeNode_0']/div[2]/div[1]/div[1]/img[1]"}
  (Session info: chrome=92.0.4515.131)
For documentation on this error, please visit: https://www.seleniumhq.org/exceptions/no_such_element.html
Build info: version: '4.0.0-alpha-1', revision: 'd1d3728cae', time: '2019-04-24T13:42:21'
System info: host: 'Z3P3PUGAVS0034', ip: '10.99.37.212', os.name: 'Windows 10', os.arch: 'amd64', os.version: '10.0', java.version: '15.0.2'
Driver info: org.openqa.selenium.chrome.ChromeDriver
Capabilities {acceptInsecureCerts: false, browserName: chrome, browserVersion: 92.0.4515.131, chrome: {chromedriverVersion: 91.0.4472.19 (1bf021f248676..., userDataDir: E:\sminu\AppData\Local\Temp...}, goog:chromeOptions: {debuggerAddress: localhost:51077}, javascriptEnabled: true, networkConnectionEnabled: false, pageLoadStrategy: normal, platform: WINDOWS, platformName: WINDOWS, proxy: Proxy(), setWindowRect: true, strictFileInteractability: false, timeouts: {implicit: 0, pageLoad: 300000, script: 30000}, unhandledPromptBehavior: dismiss and notify, webauthn:extension:largeBlob: true, webauthn:virtualAuthenticators: true}
Session ID: 10e31992fc7f898a54e819b5657ba118
*** Element info: {Using=xpath, value=//body/div[@id='main']/div[@id='patientReviewMainWrapper']/div[@id='mainSection']/div[@id='dijit_layout_ContentPane_0']/div[@id='measureSetTree']/div[@id='MeasureSetTree']/div[@id='tmpdir__CheckBoxTreeNode_0']/div[2]/div[1]/div[1]/img[1]}
	at driver.Driver.executeTestcase(Driver.java:104)
]]></failure>
    <system-out><![CDATA[Test results report directory already exists: E:\sminu\git\WDC\QMRProject\TestReport
2
]]></system-out>
    <system-err><![CDATA[Starting ChromeDriver 91.0.4472.19 (1bf021f248676a0b2ab3ee0561d83a59e424c23e-refs/branch-heads/4472@{#288}) on port 27975
Only local connections are allowed.
Please see https://chromedriver.chromium.org/security-considerations for suggestions on keeping ChromeDriver safe.
ChromeDriver was started successfully.
[1628150299.852][WARNING]: This version of ChromeDriver has not been tested with Chrome version 92.
Aug 05, 2021 1:28:20 PM org.openqa.selenium.remote.ProtocolHandshake createSession
INFO: Detected dialect: W3C
]]></system-err>
  </testcase>
</testsuite>