<?xml version="1.0" encoding="UTF-8"?>
<!-- Generated by org.testng.reporters.JUnitReportReporter -->
<testsuite hostname="Z3P3PUGAVS0039" failures="0" tests="1" name="pages.Login" time="1.870" errors="0" timestamp="10 Jun 2021 09:43:21 GMT" skipped="0">
  <testcase classname="pages.Login" name="loginApp" time="1.870"/>
</testsuite> <!-- pages.Login -->
