<?xml version="1.0" encoding="UTF-8"?>
<!-- Generated by org.testng.reporters.JUnitReportReporter -->
<testsuite hostname="Z3P3PUGAVS0039" failures="0" tests="1" name="testcases.LoginTC01" time="3.615" errors="0" timestamp="17 Jun 2021 14:35:52 GMT" skipped="0">
  <testcase classname="testcases.LoginTC01" name="loginApp" time="3.615"/>
</testsuite> <!-- testcases.LoginTC01 -->
